<?xml version="1.0" encoding="UTF-8"?>
<testsuite xmlns:xsi="http://www.w3.org/2001/XMLSchema-instance" xsi:noNamespaceSchemaLocation="https://maven.apache.org/surefire/maven-surefire-plugin/xsd/surefire-test-report-3.0.xsd" version="3.0" name="org.springframework.samples.petclinic.MySqlIntegrationTests" time="50.353" tests="2" errors="0" skipped="0" failures="0">
  <properties>
[...]
</properties>
  <testcase name="testFindAll" classname="org.springframework.samples.petclinic.MySqlIntegrationTests" time="0.095">
    <system-out><![CDATA[2024-03-03T23:41:03.904+09:00  INFO 12395 --- [           main] t.c.s.AnnotationConfigContextLoaderUtils : Could not detect default configuration classes for test class [org.springframework.samples.petclinic.MySqlIntegrationTests]: MySqlIntegrationTests does not declare any static, non-private, non-final, nested classes annotated with @Configuration.
2024-03-03T23:41:03.920+09:00  INFO 12395 --- [           main] tc.mysql:8.2                             : Pulling docker image: mysql:8.2. Please be patient; this may take some time but only needs to be done once.
2024-03-03T23:41:06.228+09:00  INFO 12395 --- [eam--1650857004] tc.mysql:8.2                             : Starting to pull image
2024-03-03T23:41:06.237+09:00  INFO 12395 --- [eam--1650857004] tc.mysql:8.2                             : Pulling image layers:  0 pending,  0 downloaded,  0 extracted, (0 bytes/0 bytes)
2024-03-03T23:41:07.539+09:00  INFO 12395 --- [eam--1650857004] tc.mysql:8.2                             : Pulling image layers:  9 pending,  1 downloaded,  0 extracted, (885 bytes/? MB)
2024-03-03T23:41:07.617+09:00  INFO 12395 --- [eam--1650857004] tc.mysql:8.2                             : Pulling image layers:  8 pending,  2 downloaded,  0 extracted, (513 KB/? MB)
2024-03-03T23:41:08.322+09:00  INFO 12395 --- [eam--1650857004] tc.mysql:8.2                             : Pulling image layers:  7 pending,  3 downloaded,  0 extracted, (14 MB/? MB)
2024-03-03T23:41:08.754+09:00  INFO 12395 --- [eam--1650857004] tc.mysql:8.2                             : Pulling image layers:  6 pending,  4 downloaded,  0 extracted, (28 MB/? MB)
2024-03-03T23:41:09.307+09:00  INFO 12395 --- [eam--1650857004] tc.mysql:8.2                             : Pulling image layers:  5 pending,  5 downloaded,  0 extracted, (42 MB/? MB)
2024-03-03T23:41:09.517+09:00  INFO 12395 --- [eam--1650857004] tc.mysql:8.2                             : Pulling image layers:  4 pending,  6 downloaded,  0 extracted, (48 MB/? MB)
2024-03-03T23:41:10.108+09:00  INFO 12395 --- [eam--1650857004] tc.mysql:8.2                             : Pulling image layers:  3 pending,  7 downloaded,  0 extracted, (60 MB/? MB)
2024-03-03T23:41:10.846+09:00  INFO 12395 --- [eam--1650857004] tc.mysql:8.2                             : Pulling image layers:  2 pending,  8 downloaded,  0 extracted, (83 MB/? MB)
2024-03-03T23:41:12.098+09:00  INFO 12395 --- [eam--1650857004] tc.mysql:8.2                             : Pulling image layers:  1 pending,  9 downloaded,  0 extracted, (128 MB/? MB)
2024-03-03T23:41:13.512+09:00  INFO 12395 --- [eam--1650857004] tc.mysql:8.2                             : Pulling image layers:  1 pending,  9 downloaded,  1 extracted, (165 MB/? MB)
2024-03-03T23:41:13.527+09:00  INFO 12395 --- [eam--1650857004] tc.mysql:8.2                             : Pulling image layers:  1 pending,  9 downloaded,  2 extracted, (167 MB/? MB)
2024-03-03T23:41:13.557+09:00  INFO 12395 --- [eam--1650857004] tc.mysql:8.2                             : Pulling image layers:  1 pending,  9 downloaded,  3 extracted, (168 MB/? MB)
2024-03-03T23:41:13.684+09:00  INFO 12395 --- [eam--1650857004] tc.mysql:8.2                             : Pulling image layers:  0 pending, 10 downloaded,  3 extracted, (171 MB/176 MB)
2024-03-03T23:41:13.800+09:00  INFO 12395 --- [eam--1650857004] tc.mysql:8.2                             : Pulling image layers:  0 pending, 10 downloaded,  4 extracted, (172 MB/176 MB)
2024-03-03T23:41:13.809+09:00  INFO 12395 --- [eam--1650857004] tc.mysql:8.2                             : Pulling image layers:  0 pending, 10 downloaded,  5 extracted, (172 MB/176 MB)
2024-03-03T23:41:13.817+09:00  INFO 12395 --- [eam--1650857004] tc.mysql:8.2                             : Pulling image layers:  0 pending, 10 downloaded,  6 extracted, (172 MB/176 MB)
2024-03-03T23:41:15.572+09:00  INFO 12395 --- [eam--1650857004] tc.mysql:8.2                             : Pulling image layers:  0 pending, 10 downloaded,  7 extracted, (174 MB/176 MB)
2024-03-03T23:41:15.580+09:00  INFO 12395 --- [eam--1650857004] tc.mysql:8.2                             : Pulling image layers:  0 pending, 10 downloaded,  8 extracted, (174 MB/176 MB)
2024-03-03T23:41:22.551+09:00  INFO 12395 --- [eam--1650857004] tc.mysql:8.2                             : Pulling image layers:  0 pending, 10 downloaded,  9 extracted, (176 MB/176 MB)
2024-03-03T23:41:22.560+09:00  INFO 12395 --- [eam--1650857004] tc.mysql:8.2                             : Pulling image layers:  0 pending, 10 downloaded, 10 extracted, (176 MB/176 MB)
2024-03-03T23:41:22.572+09:00  INFO 12395 --- [eam--1650857004] tc.mysql:8.2                             : Pull complete. 10 layers, pulled in 16s (downloaded 176 MB at 11 MB/s)
2024-03-03T23:41:22.574+09:00  INFO 12395 --- [           main] tc.mysql:8.2                             : Image mysql:8.2 pull took PT18.651744S
2024-03-03T23:41:22.603+09:00  INFO 12395 --- [           main] .b.t.c.SpringBootTestContextBootstrapper : Found @SpringBootConfiguration org.springframework.samples.petclinic.PetClinicApplication for test class org.springframework.samples.petclinic.MySqlIntegrationTests
2024-03-03T23:41:22.617+09:00  INFO 12395 --- [           main] tc.mysql:8.2                             : Creating container for image: mysql:8.2
2024-03-03T23:41:22.973+09:00  INFO 12395 --- [           main] tc.mysql:8.2                             : Container mysql:8.2 is starting: 4e8d8236d106a02a516bd3b51c62ee246489349a58c41ff6221a835425e3f1d4
2024-03-03T23:41:23.264+09:00  INFO 12395 --- [           main] tc.mysql:8.2                             : Waiting for database connection to become available at jdbc:mysql://localhost:56270/test using query 'SELECT 1'
2024-03-03T23:41:34.729+09:00  INFO 12395 --- [           main] tc.mysql:8.2                             : Container mysql:8.2 started in PT12.110157S
2024-03-03T23:41:34.731+09:00  INFO 12395 --- [           main] tc.mysql:8.2                             : Container is started (JDBC URL: jdbc:mysql://localhost:56270/test)
2024-03-03T23:41:34.743+09:00  INFO 12395 --- [           main] o.s.b.d.r.RestartApplicationListener     : Restart disabled due to context in which it is running


              |\      _,,,--,,_
             /,`.-'`'   ._  \-;;,_
  _______ __|,4-  ) )_   .;.(__`'-'__     ___ __    _ ___ _______
 |       | '---''(_/._)-'(_\_)   |   |   |   |  |  | |   |       |
 |    _  |    ___|_     _|       |   |   |   |   |_| |   |       | __ _ _
 |   |_| |   |___  |   | |       |   |   |   |       |   |       | \ \ \ \
 |    ___|    ___| |   | |      _|   |___|   |  _    |   |      _|  \ \ \ \
 |   |   |   |___  |   | |     |_|       |   | | |   |   |     |_    ) ) ) )
 |___|   |_______| |___| |_______|_______|___|_|  |__|___|_______|  / / / /
 ==================================================================/_/_/_/

:: Built with Spring Boot :: 3.2.1


2024-03-03T23:41:34.771+09:00  INFO 12395 --- [           main] o.s.s.petclinic.MySqlIntegrationTests    : Starting MySqlIntegrationTests using Java 17.0.10 with PID 12395 (started by jungkyoungsik in /Users/jungkyoungsik/study/spring-petclinic)
2024-03-03T23:41:34.771+09:00  INFO 12395 --- [           main] o.s.s.petclinic.MySqlIntegrationTests    : The following 1 profile is active: "mysql"
2024-03-03T23:41:35.176+09:00  INFO 12395 --- [           main] .s.d.r.c.RepositoryConfigurationDelegate : Bootstrapping Spring Data JPA repositories in DEFAULT mode.
2024-03-03T23:41:35.194+09:00  INFO 12395 --- [           main] .s.d.r.c.RepositoryConfigurationDelegate : Finished Spring Data repository scanning in 17 ms. Found 2 JPA repository interfaces.
2024-03-03T23:41:35.448+09:00  INFO 12395 --- [           main] o.s.b.w.embedded.tomcat.TomcatWebServer  : Tomcat initialized with port 0 (http)
2024-03-03T23:41:35.449+09:00  INFO 12395 --- [           main] o.apache.catalina.core.StandardService   : Starting service [Tomcat]
2024-03-03T23:41:35.449+09:00  INFO 12395 --- [           main] o.apache.catalina.core.StandardEngine    : Starting Servlet engine: [Apache Tomcat/10.1.17]
2024-03-03T23:41:35.488+09:00  INFO 12395 --- [           main] o.a.c.c.C.[Tomcat-1].[localhost].[/]     : Initializing Spring embedded WebApplicationContext
2024-03-03T23:41:35.489+09:00  INFO 12395 --- [           main] w.s.c.ServletWebServerApplicationContext : Root WebApplicationContext: initialization completed in 715 ms
2024-03-03T23:41:35.626+09:00  INFO 12395 --- [           main] com.zaxxer.hikari.HikariDataSource       : HikariPool-2 - Starting...
2024-03-03T23:41:35.853+09:00  INFO 12395 --- [           main] com.zaxxer.hikari.pool.HikariPool        : HikariPool-2 - Added connection com.mysql.cj.jdbc.ConnectionImpl@dac3aeb
2024-03-03T23:41:35.854+09:00  INFO 12395 --- [           main] com.zaxxer.hikari.HikariDataSource       : HikariPool-2 - Start completed.
2024-03-03T23:41:36.467+09:00  INFO 12395 --- [           main] o.hibernate.jpa.internal.util.LogHelper  : HHH000204: Processing PersistenceUnitInfo [name: default]
2024-03-03T23:41:36.472+09:00  INFO 12395 --- [           main] o.h.c.internal.RegionFactoryInitiator    : HHH000026: Second-level cache disabled
2024-03-03T23:41:36.476+09:00  INFO 12395 --- [           main] o.s.o.j.p.SpringPersistenceUnitInfo      : No LoadTimeWeaver setup: ignoring JPA class transformer
2024-03-03T23:41:36.717+09:00  INFO 12395 --- [           main] o.h.e.t.j.p.i.JtaPlatformInitiator       : HHH000489: No JTA platform available (set 'hibernate.transaction.jta.platform' to enable JTA platform integration)
2024-03-03T23:41:36.718+09:00  INFO 12395 --- [           main] j.LocalContainerEntityManagerFactoryBean : Initialized JPA EntityManagerFactory for persistence unit 'default'
2024-03-03T23:41:36.740+09:00  INFO 12395 --- [           main] tc.mysql:8.2                             : Creating container for image: mysql:8.2
2024-03-03T23:41:36.828+09:00  INFO 12395 --- [           main] tc.mysql:8.2                             : Container mysql:8.2 is starting: 9168819a08a39350b57d275e1328657423e7a8964ad4061223b516674333678a
2024-03-03T23:41:37.212+09:00  INFO 12395 --- [           main] tc.mysql:8.2                             : Waiting for database connection to become available at jdbc:mysql://localhost:56383/test using query 'SELECT 1'
2024-03-03T23:41:51.938+09:00  INFO 12395 --- [           main] tc.mysql:8.2                             : Container mysql:8.2 started in PT15.196089S
2024-03-03T23:41:51.939+09:00  INFO 12395 --- [           main] tc.mysql:8.2                             : Container is started (JDBC URL: jdbc:mysql://localhost:56383/test)
2024-03-03T23:41:53.316+09:00  INFO 12395 --- [           main] o.s.b.a.e.web.EndpointLinksResolver      : Exposing 13 endpoint(s) beneath base path '/actuator'
2024-03-03T23:41:53.358+09:00  INFO 12395 --- [           main] o.s.b.w.embedded.tomcat.TomcatWebServer  : Tomcat started on port 56513 (http) with context path ''
2024-03-03T23:41:53.367+09:00  INFO 12395 --- [           main] o.s.s.petclinic.MySqlIntegrationTests    : Started MySqlIntegrationTests in 18.624 seconds (process running for 121.1)
]]></system-out>
  </testcase>
  <testcase name="testOwnerDetails" classname="org.springframework.samples.petclinic.MySqlIntegrationTests" time="0.096">
    <system-out><![CDATA[2024-03-03T23:41:53.483+09:00  INFO 12395 --- [o-auto-2-exec-1] o.a.c.c.C.[Tomcat-1].[localhost].[/]     : Initializing Spring DispatcherServlet 'dispatcherServlet'
2024-03-03T23:41:53.483+09:00  INFO 12395 --- [o-auto-2-exec-1] o.s.web.servlet.DispatcherServlet        : Initializing Servlet 'dispatcherServlet'
2024-03-03T23:41:53.484+09:00  INFO 12395 --- [o-auto-2-exec-1] o.s.web.servlet.DispatcherServlet        : Completed initialization in 1 ms
]]></system-out>
  </testcase>
</testsuite>