<?xml version="1.0" encoding="UTF-8"?>
<testsuite xmlns:xsi="http://www.w3.org/2001/XMLSchema-instance" xsi:noNamespaceSchemaLocation="https://maven.apache.org/surefire/maven-surefire-plugin/xsd/surefire-test-report-3.0.xsd" version="3.0" name="org.springframework.samples.petclinic.PostgresIntegrationTests" time="63.425" tests="2" errors="0" skipped="0" failures="0">
  <properties>
[...]
</properties>
  <testcase name="testFindAll" classname="org.springframework.samples.petclinic.PostgresIntegrationTests" time="0.286">
    <system-out><![CDATA[2024-03-03T23:40:00.477+09:00  INFO 12395 --- [           main] t.c.s.AnnotationConfigContextLoaderUtils : Could not detect default configuration classes for test class [org.springframework.samples.petclinic.PostgresIntegrationTests]: PostgresIntegrationTests does not declare any static, non-private, non-final, nested classes annotated with @Configuration.
2024-03-03T23:40:00.489+09:00  INFO 12395 --- [           main] .b.t.c.SpringBootTestContextBootstrapper : Found @SpringBootConfiguration org.springframework.samples.petclinic.PetClinicApplication for test class org.springframework.samples.petclinic.PostgresIntegrationTests
2024-03-03T23:40:01.355+09:00  INFO 12395 --- [           main] o.t.d.DockerClientProviderStrategy       : Found Docker environment with Docker accessed via Unix socket (/Users/jungkyoungsik/.docker/run/docker.sock)
2024-03-03T23:40:01.359+09:00  INFO 12395 --- [           main] org.testcontainers.DockerClientFactory   : Docker host IP address is localhost
2024-03-03T23:40:01.369+09:00  INFO 12395 --- [           main] org.testcontainers.DockerClientFactory   : Connected to docker: 
  Server Version: 24.0.6
  API Version: 1.43
  Operating System: Docker Desktop
  Total Memory: 3933 MB
2024-03-03T23:40:01.386+09:00  INFO 12395 --- [           main] org.testcontainers.images.PullPolicy     : Image pull policy will be performed by: DefaultPullPolicy()
2024-03-03T23:40:01.388+09:00  INFO 12395 --- [           main] o.t.utility.ImageNameSubstitutor         : Image name substitution will be performed by: DefaultImageNameSubstitutor (composite of 'ConfigurationFileImageNameSubstitutor' and 'PrefixingImageNameSubstitutor')
2024-03-03T23:40:05.908+09:00  INFO 12395 --- [           main] tc.testcontainers/ryuk:0.5.1             : Pulling docker image: testcontainers/ryuk:0.5.1. Please be patient; this may take some time but only needs to be done once.
2024-03-03T23:40:07.028+09:00  INFO 12395 --- [           main] o.t.utility.RegistryAuthLocator          : Credential helper/store (docker-credential-desktop) does not have credentials for https://index.docker.io/v1/
2024-03-03T23:40:09.861+09:00  INFO 12395 --- [eam--1761815518] tc.testcontainers/ryuk:0.5.1             : Starting to pull image
2024-03-03T23:40:09.903+09:00  INFO 12395 --- [eam--1761815518] tc.testcontainers/ryuk:0.5.1             : Pulling image layers:  0 pending,  0 downloaded,  0 extracted, (0 bytes/0 bytes)
2024-03-03T23:40:11.270+09:00  INFO 12395 --- [eam--1761815518] tc.testcontainers/ryuk:0.5.1             : Pulling image layers:  2 pending,  1 downloaded,  0 extracted, (330 KB/? MB)
2024-03-03T23:40:11.437+09:00  INFO 12395 --- [eam--1761815518] tc.testcontainers/ryuk:0.5.1             : Pulling image layers:  1 pending,  2 downloaded,  0 extracted, (4 MB/? MB)
2024-03-03T23:40:11.439+09:00  INFO 12395 --- [eam--1761815518] tc.testcontainers/ryuk:0.5.1             : Pulling image layers:  0 pending,  3 downloaded,  0 extracted, (4 MB/5 MB)
2024-03-03T23:40:11.580+09:00  INFO 12395 --- [eam--1761815518] tc.testcontainers/ryuk:0.5.1             : Pulling image layers:  0 pending,  3 downloaded,  1 extracted, (4 MB/5 MB)
2024-03-03T23:40:11.678+09:00  INFO 12395 --- [eam--1761815518] tc.testcontainers/ryuk:0.5.1             : Pulling image layers:  0 pending,  3 downloaded,  2 extracted, (4 MB/5 MB)
2024-03-03T23:40:11.721+09:00  INFO 12395 --- [eam--1761815518] tc.testcontainers/ryuk:0.5.1             : Pulling image layers:  0 pending,  3 downloaded,  3 extracted, (5 MB/5 MB)
2024-03-03T23:40:11.731+09:00  INFO 12395 --- [eam--1761815518] tc.testcontainers/ryuk:0.5.1             : Pull complete. 3 layers, pulled in 1s (downloaded 5 MB at 5 MB/s)
2024-03-03T23:40:11.731+09:00  INFO 12395 --- [           main] tc.testcontainers/ryuk:0.5.1             : Image testcontainers/ryuk:0.5.1 pull took PT5.818273S
2024-03-03T23:40:11.767+09:00  INFO 12395 --- [           main] tc.testcontainers/ryuk:0.5.1             : Creating container for image: testcontainers/ryuk:0.5.1
2024-03-03T23:40:11.915+09:00  INFO 12395 --- [           main] tc.testcontainers/ryuk:0.5.1             : Container testcontainers/ryuk:0.5.1 is starting: 468da4672c676b810db1a9b5ceefe4c9769d6db30a793d71b64738d6f6d0bf3b
2024-03-03T23:40:12.417+09:00  INFO 12395 --- [           main] tc.testcontainers/ryuk:0.5.1             : Container testcontainers/ryuk:0.5.1 started in PT0.649398S
2024-03-03T23:40:12.428+09:00  INFO 12395 --- [           main] o.t.utility.RyukResourceReaper           : Ryuk started - will monitor and terminate Testcontainers containers on JVM exit
2024-03-03T23:40:12.428+09:00  INFO 12395 --- [           main] org.testcontainers.DockerClientFactory   : Checking the system...
2024-03-03T23:40:12.429+09:00  INFO 12395 --- [           main] org.testcontainers.DockerClientFactory   : ✔︎ Docker server version should be at least 1.6.0
2024-03-03T23:40:12.437+09:00  INFO 12395 --- [           main] o.s.b.d.r.RestartApplicationListener     : Restart disabled due to context in which it is running


              |\      _,,,--,,_
             /,`.-'`'   ._  \-;;,_
  _______ __|,4-  ) )_   .;.(__`'-'__     ___ __    _ ___ _______
 |       | '---''(_/._)-'(_\_)   |   |   |   |  |  | |   |       |
 |    _  |    ___|_     _|       |   |   |   |   |_| |   |       | __ _ _
 |   |_| |   |___  |   | |       |   |   |   |       |   |       | \ \ \ \
 |    ___|    ___| |   | |      _|   |___|   |  _    |   |      _|  \ \ \ \
 |   |   |   |___  |   | |     |_|       |   | | |   |   |     |_    ) ) ) )
 |___|   |_______| |___| |_______|_______|___|_|  |__|___|_______|  / / / /
 ==================================================================/_/_/_/

:: Built with Spring Boot :: 3.2.1


2024-03-03T23:40:12.467+09:00  INFO 12395 --- [           main] o.s.s.p.PostgresIntegrationTests         : Starting PostgresIntegrationTests using Java 17.0.10 with PID 12395 (started by jungkyoungsik in /Users/jungkyoungsik/study/spring-petclinic)
2024-03-03T23:40:12.467+09:00  INFO 12395 --- [           main] o.s.s.p.PostgresIntegrationTests         : The following 1 profile is active: "postgres"
2024-03-03T23:40:12.473+09:00  INFO 12395 --- [           main] .s.b.d.c.l.DockerComposeLifecycleManager : Using Docker Compose file '/Users/jungkyoungsik/study/spring-petclinic/docker-compose.yml'
2024-03-03T23:40:13.915+09:00  INFO 12395 --- [utReader-stderr] o.s.boot.docker.compose.core.DockerCli   :  postgres Pulling 
2024-03-03T23:40:17.224+09:00  INFO 12395 --- [utReader-stderr] o.s.boot.docker.compose.core.DockerCli   :  25d3892798f8 Already exists 
2024-03-03T23:40:17.233+09:00  INFO 12395 --- [utReader-stderr] o.s.boot.docker.compose.core.DockerCli   :  77c2305dd978 Pulling fs layer 
2024-03-03T23:40:17.233+09:00  INFO 12395 --- [utReader-stderr] o.s.boot.docker.compose.core.DockerCli   :  54c99c28f11f Pulling fs layer 
2024-03-03T23:40:17.233+09:00  INFO 12395 --- [utReader-stderr] o.s.boot.docker.compose.core.DockerCli   :  5feeada49781 Pulling fs layer 
2024-03-03T23:40:17.233+09:00  INFO 12395 --- [utReader-stderr] o.s.boot.docker.compose.core.DockerCli   :  6baaea6e6673 Pulling fs layer 
2024-03-03T23:40:17.234+09:00  INFO 12395 --- [utReader-stderr] o.s.boot.docker.compose.core.DockerCli   :  c1dcdf0cbea0 Pulling fs layer 
2024-03-03T23:40:17.234+09:00  INFO 12395 --- [utReader-stderr] o.s.boot.docker.compose.core.DockerCli   :  3bb7d395f8d0 Pulling fs layer 
2024-03-03T23:40:17.234+09:00  INFO 12395 --- [utReader-stderr] o.s.boot.docker.compose.core.DockerCli   :  6047577c3718 Pulling fs layer 
2024-03-03T23:40:17.234+09:00  INFO 12395 --- [utReader-stderr] o.s.boot.docker.compose.core.DockerCli   :  8ed018982a51 Pulling fs layer 
2024-03-03T23:40:17.234+09:00  INFO 12395 --- [utReader-stderr] o.s.boot.docker.compose.core.DockerCli   :  fb65ed462c91 Pulling fs layer 
2024-03-03T23:40:17.234+09:00  INFO 12395 --- [utReader-stderr] o.s.boot.docker.compose.core.DockerCli   :  b35a9480be59 Pulling fs layer 
2024-03-03T23:40:17.234+09:00  INFO 12395 --- [utReader-stderr] o.s.boot.docker.compose.core.DockerCli   :  f97566042540 Pulling fs layer 
2024-03-03T23:40:17.234+09:00  INFO 12395 --- [utReader-stderr] o.s.boot.docker.compose.core.DockerCli   :  5e841a787a8b Pulling fs layer 
2024-03-03T23:40:17.234+09:00  INFO 12395 --- [utReader-stderr] o.s.boot.docker.compose.core.DockerCli   :  c5dd3ef301ac Pulling fs layer 
2024-03-03T23:40:17.234+09:00  INFO 12395 --- [utReader-stderr] o.s.boot.docker.compose.core.DockerCli   :  3bb7d395f8d0 Waiting 
2024-03-03T23:40:17.234+09:00  INFO 12395 --- [utReader-stderr] o.s.boot.docker.compose.core.DockerCli   :  6047577c3718 Waiting 
2024-03-03T23:40:17.234+09:00  INFO 12395 --- [utReader-stderr] o.s.boot.docker.compose.core.DockerCli   :  8ed018982a51 Waiting 
2024-03-03T23:40:17.235+09:00  INFO 12395 --- [utReader-stderr] o.s.boot.docker.compose.core.DockerCli   :  fb65ed462c91 Waiting 
2024-03-03T23:40:17.235+09:00  INFO 12395 --- [utReader-stderr] o.s.boot.docker.compose.core.DockerCli   :  b35a9480be59 Waiting 
2024-03-03T23:40:17.235+09:00  INFO 12395 --- [utReader-stderr] o.s.boot.docker.compose.core.DockerCli   :  6baaea6e6673 Waiting 
2024-03-03T23:40:17.235+09:00  INFO 12395 --- [utReader-stderr] o.s.boot.docker.compose.core.DockerCli   :  f97566042540 Waiting 
2024-03-03T23:40:17.235+09:00  INFO 12395 --- [utReader-stderr] o.s.boot.docker.compose.core.DockerCli   :  c1dcdf0cbea0 Waiting 
2024-03-03T23:40:17.235+09:00  INFO 12395 --- [utReader-stderr] o.s.boot.docker.compose.core.DockerCli   :  5e841a787a8b Waiting 
2024-03-03T23:40:17.235+09:00  INFO 12395 --- [utReader-stderr] o.s.boot.docker.compose.core.DockerCli   :  c5dd3ef301ac Waiting 
2024-03-03T23:40:17.860+09:00  INFO 12395 --- [utReader-stderr] o.s.boot.docker.compose.core.DockerCli   :  5feeada49781 Downloading [>                                                  ]  14.41kB/1.381MB
2024-03-03T23:40:17.904+09:00  INFO 12395 --- [utReader-stderr] o.s.boot.docker.compose.core.DockerCli   :  54c99c28f11f Downloading [>                                                  ]  45.72kB/4.499MB
2024-03-03T23:40:17.950+09:00  INFO 12395 --- [utReader-stderr] o.s.boot.docker.compose.core.DockerCli   :  5feeada49781 Verifying Checksum 
2024-03-03T23:40:17.951+09:00  INFO 12395 --- [utReader-stderr] o.s.boot.docker.compose.core.DockerCli   :  5feeada49781 Download complete 
2024-03-03T23:40:18.061+09:00  INFO 12395 --- [utReader-stderr] o.s.boot.docker.compose.core.DockerCli   :  77c2305dd978 Downloading [===============================>                   ]     733B/1.165kB
2024-03-03T23:40:18.061+09:00  INFO 12395 --- [utReader-stderr] o.s.boot.docker.compose.core.DockerCli   :  77c2305dd978 Downloading [==================================================>]  1.165kB/1.165kB
2024-03-03T23:40:18.061+09:00  INFO 12395 --- [utReader-stderr] o.s.boot.docker.compose.core.DockerCli   :  77c2305dd978 Download complete 
2024-03-03T23:40:18.061+09:00  INFO 12395 --- [utReader-stderr] o.s.boot.docker.compose.core.DockerCli   :  77c2305dd978 Extracting [==================================================>]  1.165kB/1.165kB
2024-03-03T23:40:18.062+09:00  INFO 12395 --- [utReader-stderr] o.s.boot.docker.compose.core.DockerCli   :  77c2305dd978 Extracting [==================================================>]  1.165kB/1.165kB
2024-03-03T23:40:18.083+09:00  INFO 12395 --- [utReader-stderr] o.s.boot.docker.compose.core.DockerCli   :  77c2305dd978 Pull complete 
2024-03-03T23:40:18.184+09:00  INFO 12395 --- [utReader-stderr] o.s.boot.docker.compose.core.DockerCli   :  54c99c28f11f Downloading [====>                                              ]  396.5kB/4.499MB
2024-03-03T23:40:18.265+09:00  INFO 12395 --- [utReader-stderr] o.s.boot.docker.compose.core.DockerCli   :  54c99c28f11f Verifying Checksum 
2024-03-03T23:40:18.265+09:00  INFO 12395 --- [utReader-stderr] o.s.boot.docker.compose.core.DockerCli   :  54c99c28f11f Download complete 
2024-03-03T23:40:18.266+09:00  INFO 12395 --- [utReader-stderr] o.s.boot.docker.compose.core.DockerCli   :  54c99c28f11f Extracting [>                                                  ]  65.54kB/4.499MB
2024-03-03T23:40:18.376+09:00  INFO 12395 --- [utReader-stderr] o.s.boot.docker.compose.core.DockerCli   :  54c99c28f11f Extracting [==================================================>]  4.499MB/4.499MB
2024-03-03T23:40:18.426+09:00  INFO 12395 --- [utReader-stderr] o.s.boot.docker.compose.core.DockerCli   :  54c99c28f11f Pull complete 
2024-03-03T23:40:18.427+09:00  INFO 12395 --- [utReader-stderr] o.s.boot.docker.compose.core.DockerCli   :  5feeada49781 Extracting [=>                                                 ]  32.77kB/1.381MB
2024-03-03T23:40:18.450+09:00  INFO 12395 --- [utReader-stderr] o.s.boot.docker.compose.core.DockerCli   :  5feeada49781 Extracting [==================================================>]  1.381MB/1.381MB
2024-03-03T23:40:18.461+09:00  INFO 12395 --- [utReader-stderr] o.s.boot.docker.compose.core.DockerCli   :  5feeada49781 Pull complete 
2024-03-03T23:40:18.581+09:00  INFO 12395 --- [utReader-stderr] o.s.boot.docker.compose.core.DockerCli   :  6baaea6e6673 Downloading [>                                                  ]  81.71kB/8.069MB
2024-03-03T23:40:18.689+09:00  INFO 12395 --- [utReader-stderr] o.s.boot.docker.compose.core.DockerCli   :  6baaea6e6673 Downloading [==========>                                        ]  1.649MB/8.069MB
2024-03-03T23:40:18.766+09:00  INFO 12395 --- [utReader-stderr] o.s.boot.docker.compose.core.DockerCli   :  c1dcdf0cbea0 Downloading [>                                                  ]  12.32kB/1.108MB
2024-03-03T23:40:18.823+09:00  INFO 12395 --- [utReader-stderr] o.s.boot.docker.compose.core.DockerCli   :  6baaea6e6673 Downloading [============================>                      ]  4.631MB/8.069MB
2024-03-03T23:40:18.867+09:00  INFO 12395 --- [utReader-stderr] o.s.boot.docker.compose.core.DockerCli   :  c1dcdf0cbea0 Downloading [=========================>                         ]  557.1kB/1.108MB
2024-03-03T23:40:18.885+09:00  INFO 12395 --- [utReader-stderr] o.s.boot.docker.compose.core.DockerCli   :  c1dcdf0cbea0 Verifying Checksum 
2024-03-03T23:40:18.885+09:00  INFO 12395 --- [utReader-stderr] o.s.boot.docker.compose.core.DockerCli   :  c1dcdf0cbea0 Download complete 
2024-03-03T23:40:18.923+09:00  INFO 12395 --- [utReader-stderr] o.s.boot.docker.compose.core.DockerCli   :  6baaea6e6673 Downloading [============================================>      ]   7.15MB/8.069MB
2024-03-03T23:40:18.949+09:00  INFO 12395 --- [utReader-stderr] o.s.boot.docker.compose.core.DockerCli   :  6baaea6e6673 Verifying Checksum 
2024-03-03T23:40:18.950+09:00  INFO 12395 --- [utReader-stderr] o.s.boot.docker.compose.core.DockerCli   :  6baaea6e6673 Download complete 
2024-03-03T23:40:18.950+09:00  INFO 12395 --- [utReader-stderr] o.s.boot.docker.compose.core.DockerCli   :  6baaea6e6673 Extracting [>                                                  ]   98.3kB/8.069MB
2024-03-03T23:40:19.051+09:00  INFO 12395 --- [utReader-stderr] o.s.boot.docker.compose.core.DockerCli   :  6baaea6e6673 Extracting [====================>                              ]  3.244MB/8.069MB
2024-03-03T23:40:19.152+09:00  INFO 12395 --- [utReader-stderr] o.s.boot.docker.compose.core.DockerCli   :  6baaea6e6673 Extracting [===============================>                   ]  5.014MB/8.069MB
2024-03-03T23:40:19.253+09:00  INFO 12395 --- [utReader-stderr] o.s.boot.docker.compose.core.DockerCli   :  6baaea6e6673 Extracting [==========================================>        ]  6.881MB/8.069MB
2024-03-03T23:40:19.286+09:00  INFO 12395 --- [utReader-stderr] o.s.boot.docker.compose.core.DockerCli   :  6baaea6e6673 Extracting [==================================================>]  8.069MB/8.069MB
2024-03-03T23:40:19.310+09:00  INFO 12395 --- [utReader-stderr] o.s.boot.docker.compose.core.DockerCli   :  6baaea6e6673 Pull complete 
2024-03-03T23:40:19.312+09:00  INFO 12395 --- [utReader-stderr] o.s.boot.docker.compose.core.DockerCli   :  c1dcdf0cbea0 Extracting [=>                                                 ]  32.77kB/1.108MB
2024-03-03T23:40:19.337+09:00  INFO 12395 --- [utReader-stderr] o.s.boot.docker.compose.core.DockerCli   :  c1dcdf0cbea0 Extracting [==================================================>]  1.108MB/1.108MB
2024-03-03T23:40:19.341+09:00  INFO 12395 --- [utReader-stderr] o.s.boot.docker.compose.core.DockerCli   :  c1dcdf0cbea0 Extracting [==================================================>]  1.108MB/1.108MB
2024-03-03T23:40:19.368+09:00  INFO 12395 --- [utReader-stderr] o.s.boot.docker.compose.core.DockerCli   :  c1dcdf0cbea0 Pull complete 
2024-03-03T23:40:19.507+09:00  INFO 12395 --- [utReader-stderr] o.s.boot.docker.compose.core.DockerCli   :  6047577c3718 Downloading [===========>                                       ]     720B/3.14kB
2024-03-03T23:40:19.507+09:00  INFO 12395 --- [utReader-stderr] o.s.boot.docker.compose.core.DockerCli   :  6047577c3718 Downloading [==================================================>]   3.14kB/3.14kB
2024-03-03T23:40:19.507+09:00  INFO 12395 --- [utReader-stderr] o.s.boot.docker.compose.core.DockerCli   :  6047577c3718 Verifying Checksum 
2024-03-03T23:40:19.507+09:00  INFO 12395 --- [utReader-stderr] o.s.boot.docker.compose.core.DockerCli   :  6047577c3718 Download complete 
2024-03-03T23:40:19.588+09:00  INFO 12395 --- [utReader-stderr] o.s.boot.docker.compose.core.DockerCli   :  8ed018982a51 Downloading [>                                                  ]  539.9kB/106.9MB
2024-03-03T23:40:19.704+09:00  INFO 12395 --- [utReader-stderr] o.s.boot.docker.compose.core.DockerCli   :  8ed018982a51 Downloading [=>                                                 ]  3.762MB/106.9MB
2024-03-03T23:40:19.808+09:00  INFO 12395 --- [utReader-stderr] o.s.boot.docker.compose.core.DockerCli   :  8ed018982a51 Downloading [==>                                                ]   5.38MB/106.9MB
2024-03-03T23:40:19.921+09:00  INFO 12395 --- [utReader-stderr] o.s.boot.docker.compose.core.DockerCli   :  8ed018982a51 Downloading [====>                                              ]  9.145MB/106.9MB
2024-03-03T23:40:20.025+09:00  INFO 12395 --- [utReader-stderr] o.s.boot.docker.compose.core.DockerCli   :  8ed018982a51 Downloading [=====>                                             ]  11.83MB/106.9MB
2024-03-03T23:40:20.133+09:00  INFO 12395 --- [utReader-stderr] o.s.boot.docker.compose.core.DockerCli   :  8ed018982a51 Downloading [=======>                                           ]  15.05MB/106.9MB
2024-03-03T23:40:20.235+09:00  INFO 12395 --- [utReader-stderr] o.s.boot.docker.compose.core.DockerCli   :  8ed018982a51 Downloading [========>                                          ]   18.8MB/106.9MB
2024-03-03T23:40:20.342+09:00  INFO 12395 --- [utReader-stderr] o.s.boot.docker.compose.core.DockerCli   :  8ed018982a51 Downloading [==========>                                        ]  22.03MB/106.9MB
2024-03-03T23:40:20.395+09:00  INFO 12395 --- [utReader-stderr] o.s.boot.docker.compose.core.DockerCli   :  fb65ed462c91 Downloading [===>                                               ]     733B/9.927kB
2024-03-03T23:40:20.397+09:00  INFO 12395 --- [utReader-stderr] o.s.boot.docker.compose.core.DockerCli   :  fb65ed462c91 Downloading [==================================================>]  9.927kB/9.927kB
2024-03-03T23:40:20.397+09:00  INFO 12395 --- [utReader-stderr] o.s.boot.docker.compose.core.DockerCli   :  fb65ed462c91 Verifying Checksum 
2024-03-03T23:40:20.397+09:00  INFO 12395 --- [utReader-stderr] o.s.boot.docker.compose.core.DockerCli   :  fb65ed462c91 Download complete 
2024-03-03T23:40:20.443+09:00  INFO 12395 --- [utReader-stderr] o.s.boot.docker.compose.core.DockerCli   :  8ed018982a51 Downloading [===========>                                       ]  25.25MB/106.9MB
2024-03-03T23:40:20.552+09:00  INFO 12395 --- [utReader-stderr] o.s.boot.docker.compose.core.DockerCli   :  8ed018982a51 Downloading [=============>                                     ]  29.03MB/106.9MB
2024-03-03T23:40:20.657+09:00  INFO 12395 --- [utReader-stderr] o.s.boot.docker.compose.core.DockerCli   :  8ed018982a51 Downloading [===============>                                   ]  32.25MB/106.9MB
2024-03-03T23:40:20.756+09:00  INFO 12395 --- [utReader-stderr] o.s.boot.docker.compose.core.DockerCli   :  8ed018982a51 Downloading [================>                                  ]  35.49MB/106.9MB
2024-03-03T23:40:20.867+09:00  INFO 12395 --- [utReader-stderr] o.s.boot.docker.compose.core.DockerCli   :  8ed018982a51 Downloading [=================>                                 ]  38.17MB/106.9MB
2024-03-03T23:40:20.982+09:00  INFO 12395 --- [utReader-stderr] o.s.boot.docker.compose.core.DockerCli   :  8ed018982a51 Downloading [===================>                               ]  41.95MB/106.9MB
2024-03-03T23:40:21.085+09:00  INFO 12395 --- [utReader-stderr] o.s.boot.docker.compose.core.DockerCli   :  8ed018982a51 Downloading [=====================>                             ]  45.15MB/106.9MB
2024-03-03T23:40:21.212+09:00  INFO 12395 --- [utReader-stderr] o.s.boot.docker.compose.core.DockerCli   :  8ed018982a51 Downloading [======================>                            ]  48.37MB/106.9MB
2024-03-03T23:40:21.223+09:00  INFO 12395 --- [utReader-stderr] o.s.boot.docker.compose.core.DockerCli   :  b35a9480be59 Downloading [==================================================>]     129B/129B
2024-03-03T23:40:21.223+09:00  INFO 12395 --- [utReader-stderr] o.s.boot.docker.compose.core.DockerCli   :  b35a9480be59 Verifying Checksum 
2024-03-03T23:40:21.223+09:00  INFO 12395 --- [utReader-stderr] o.s.boot.docker.compose.core.DockerCli   :  b35a9480be59 Download complete 
2024-03-03T23:40:21.317+09:00  INFO 12395 --- [utReader-stderr] o.s.boot.docker.compose.core.DockerCli   :  8ed018982a51 Downloading [========================>                          ]  52.14MB/106.9MB
2024-03-03T23:40:21.419+09:00  INFO 12395 --- [utReader-stderr] o.s.boot.docker.compose.core.DockerCli   :  8ed018982a51 Downloading [=========================>                         ]  54.84MB/106.9MB
2024-03-03T23:40:21.521+09:00  INFO 12395 --- [utReader-stderr] o.s.boot.docker.compose.core.DockerCli   :  8ed018982a51 Downloading [==========================>                        ]  56.98MB/106.9MB
2024-03-03T23:40:21.622+09:00  INFO 12395 --- [utReader-stderr] o.s.boot.docker.compose.core.DockerCli   :  8ed018982a51 Downloading [============================>                      ]  61.29MB/106.9MB
2024-03-03T23:40:21.728+09:00  INFO 12395 --- [utReader-stderr] o.s.boot.docker.compose.core.DockerCli   :  8ed018982a51 Downloading [==============================>                    ]  64.51MB/106.9MB
2024-03-03T23:40:21.842+09:00  INFO 12395 --- [utReader-stderr] o.s.boot.docker.compose.core.DockerCli   :  8ed018982a51 Downloading [===============================>                   ]  67.73MB/106.9MB
2024-03-03T23:40:21.937+09:00  INFO 12395 --- [utReader-stderr] o.s.boot.docker.compose.core.DockerCli   :  f97566042540 Downloading [==================================================>]     169B/169B
2024-03-03T23:40:21.937+09:00  INFO 12395 --- [utReader-stderr] o.s.boot.docker.compose.core.DockerCli   :  f97566042540 Verifying Checksum 
2024-03-03T23:40:21.938+09:00  INFO 12395 --- [utReader-stderr] o.s.boot.docker.compose.core.DockerCli   :  f97566042540 Download complete 
2024-03-03T23:40:21.946+09:00  INFO 12395 --- [utReader-stderr] o.s.boot.docker.compose.core.DockerCli   :  8ed018982a51 Downloading [================================>                  ]  70.41MB/106.9MB
2024-03-03T23:40:22.055+09:00  INFO 12395 --- [utReader-stderr] o.s.boot.docker.compose.core.DockerCli   :  8ed018982a51 Downloading [==================================>                ]   73.6MB/106.9MB
2024-03-03T23:40:22.168+09:00  INFO 12395 --- [utReader-stderr] o.s.boot.docker.compose.core.DockerCli   :  8ed018982a51 Downloading [====================================>              ]  77.35MB/106.9MB
2024-03-03T23:40:22.278+09:00  INFO 12395 --- [utReader-stderr] o.s.boot.docker.compose.core.DockerCli   :  8ed018982a51 Downloading [=====================================>             ]  80.57MB/106.9MB
2024-03-03T23:40:22.378+09:00  INFO 12395 --- [utReader-stderr] o.s.boot.docker.compose.core.DockerCli   :  8ed018982a51 Downloading [=======================================>           ]  83.78MB/106.9MB
2024-03-03T23:40:22.492+09:00  INFO 12395 --- [utReader-stderr] o.s.boot.docker.compose.core.DockerCli   :  8ed018982a51 Downloading [========================================>          ]  86.98MB/106.9MB
2024-03-03T23:40:22.599+09:00  INFO 12395 --- [utReader-stderr] o.s.boot.docker.compose.core.DockerCli   :  8ed018982a51 Downloading [=========================================>         ]  89.12MB/106.9MB
2024-03-03T23:40:22.763+09:00  INFO 12395 --- [utReader-stderr] o.s.boot.docker.compose.core.DockerCli   :  8ed018982a51 Downloading [===========================================>       ]  92.87MB/106.9MB
2024-03-03T23:40:22.820+09:00  INFO 12395 --- [utReader-stderr] o.s.boot.docker.compose.core.DockerCli   :  5e841a787a8b Downloading [======>                                            ]     733B/5.421kB
2024-03-03T23:40:22.831+09:00  INFO 12395 --- [utReader-stderr] o.s.boot.docker.compose.core.DockerCli   :  5e841a787a8b Downloading [==================================================>]  5.421kB/5.421kB
2024-03-03T23:40:22.832+09:00  INFO 12395 --- [utReader-stderr] o.s.boot.docker.compose.core.DockerCli   :  5e841a787a8b Verifying Checksum 
2024-03-03T23:40:22.832+09:00  INFO 12395 --- [utReader-stderr] o.s.boot.docker.compose.core.DockerCli   :  5e841a787a8b Download complete 
2024-03-03T23:40:22.885+09:00  INFO 12395 --- [utReader-stderr] o.s.boot.docker.compose.core.DockerCli   :  8ed018982a51 Downloading [============================================>      ]  96.07MB/106.9MB
2024-03-03T23:40:22.985+09:00  INFO 12395 --- [utReader-stderr] o.s.boot.docker.compose.core.DockerCli   :  8ed018982a51 Downloading [=============================================>     ]  98.23MB/106.9MB
2024-03-03T23:40:23.101+09:00  INFO 12395 --- [utReader-stderr] o.s.boot.docker.compose.core.DockerCli   :  8ed018982a51 Downloading [===============================================>   ]  101.4MB/106.9MB
2024-03-03T23:40:23.212+09:00  INFO 12395 --- [utReader-stderr] o.s.boot.docker.compose.core.DockerCli   :  8ed018982a51 Downloading [================================================>  ]  104.1MB/106.9MB
2024-03-03T23:40:23.315+09:00  INFO 12395 --- [utReader-stderr] o.s.boot.docker.compose.core.DockerCli   :  8ed018982a51 Downloading [=================================================> ]  106.8MB/106.9MB
2024-03-03T23:40:23.318+09:00  INFO 12395 --- [utReader-stderr] o.s.boot.docker.compose.core.DockerCli   :  8ed018982a51 Verifying Checksum 
2024-03-03T23:40:23.318+09:00  INFO 12395 --- [utReader-stderr] o.s.boot.docker.compose.core.DockerCli   :  8ed018982a51 Download complete 
2024-03-03T23:40:23.484+09:00  INFO 12395 --- [utReader-stderr] o.s.boot.docker.compose.core.DockerCli   :  c5dd3ef301ac Downloading [==================================================>]     183B/183B
2024-03-03T23:40:23.484+09:00  INFO 12395 --- [utReader-stderr] o.s.boot.docker.compose.core.DockerCli   :  c5dd3ef301ac Verifying Checksum 
2024-03-03T23:40:23.484+09:00  INFO 12395 --- [utReader-stderr] o.s.boot.docker.compose.core.DockerCli   :  c5dd3ef301ac Download complete 
2024-03-03T23:40:49.502+09:00  INFO 12395 --- [utReader-stderr] o.s.boot.docker.compose.core.DockerCli   :  3bb7d395f8d0 Verifying Checksum 
2024-03-03T23:40:49.503+09:00  INFO 12395 --- [utReader-stderr] o.s.boot.docker.compose.core.DockerCli   :  3bb7d395f8d0 Download complete 
2024-03-03T23:40:49.503+09:00  INFO 12395 --- [utReader-stderr] o.s.boot.docker.compose.core.DockerCli   :  3bb7d395f8d0 Extracting     116B
2024-03-03T23:40:49.522+09:00  INFO 12395 --- [utReader-stderr] o.s.boot.docker.compose.core.DockerCli   :  3bb7d395f8d0 Pull complete 
2024-03-03T23:40:49.526+09:00  INFO 12395 --- [utReader-stderr] o.s.boot.docker.compose.core.DockerCli   :  6047577c3718 Extracting [==================================================>]   3.14kB/3.14kB
2024-03-03T23:40:49.527+09:00  INFO 12395 --- [utReader-stderr] o.s.boot.docker.compose.core.DockerCli   :  6047577c3718 Extracting [==================================================>]   3.14kB/3.14kB
2024-03-03T23:40:49.539+09:00  INFO 12395 --- [utReader-stderr] o.s.boot.docker.compose.core.DockerCli   :  6047577c3718 Pull complete 
2024-03-03T23:40:49.603+09:00  INFO 12395 --- [utReader-stderr] o.s.boot.docker.compose.core.DockerCli   :  8ed018982a51 Extracting [>                                                  ]  557.1kB/106.9MB
2024-03-03T23:40:49.705+09:00  INFO 12395 --- [utReader-stderr] o.s.boot.docker.compose.core.DockerCli   :  8ed018982a51 Extracting [=>                                                 ]  3.899MB/106.9MB
2024-03-03T23:40:49.820+09:00  INFO 12395 --- [utReader-stderr] o.s.boot.docker.compose.core.DockerCli   :  8ed018982a51 Extracting [=====>                                             ]  12.26MB/106.9MB
2024-03-03T23:40:49.915+09:00  INFO 12395 --- [utReader-stderr] o.s.boot.docker.compose.core.DockerCli   :  8ed018982a51 Extracting [=========>                                         ]  20.05MB/106.9MB
2024-03-03T23:40:50.020+09:00  INFO 12395 --- [utReader-stderr] o.s.boot.docker.compose.core.DockerCli   :  8ed018982a51 Extracting [=============>                                     ]  27.85MB/106.9MB
2024-03-03T23:40:50.123+09:00  INFO 12395 --- [utReader-stderr] o.s.boot.docker.compose.core.DockerCli   :  8ed018982a51 Extracting [==============>                                    ]  30.64MB/106.9MB
2024-03-03T23:40:50.233+09:00  INFO 12395 --- [utReader-stderr] o.s.boot.docker.compose.core.DockerCli   :  8ed018982a51 Extracting [================>                                  ]  35.09MB/106.9MB
2024-03-03T23:40:50.339+09:00  INFO 12395 --- [utReader-stderr] o.s.boot.docker.compose.core.DockerCli   :  8ed018982a51 Extracting [===================>                               ]  42.34MB/106.9MB
2024-03-03T23:40:50.443+09:00  INFO 12395 --- [utReader-stderr] o.s.boot.docker.compose.core.DockerCli   :  8ed018982a51 Extracting [=======================>                           ]  50.14MB/106.9MB
2024-03-03T23:40:50.549+09:00  INFO 12395 --- [utReader-stderr] o.s.boot.docker.compose.core.DockerCli   :  8ed018982a51 Extracting [==========================>                        ]  56.82MB/106.9MB
2024-03-03T23:40:50.654+09:00  INFO 12395 --- [utReader-stderr] o.s.boot.docker.compose.core.DockerCli   :  8ed018982a51 Extracting [==============================>                    ]  64.62MB/106.9MB
2024-03-03T23:40:50.757+09:00  INFO 12395 --- [utReader-stderr] o.s.boot.docker.compose.core.DockerCli   :  8ed018982a51 Extracting [===============================>                   ]  67.96MB/106.9MB
2024-03-03T23:40:50.860+09:00  INFO 12395 --- [utReader-stderr] o.s.boot.docker.compose.core.DockerCli   :  8ed018982a51 Extracting [=================================>                 ]  70.75MB/106.9MB
2024-03-03T23:40:50.965+09:00  INFO 12395 --- [utReader-stderr] o.s.boot.docker.compose.core.DockerCli   :  8ed018982a51 Extracting [=================================>                 ]  72.42MB/106.9MB
2024-03-03T23:40:51.075+09:00  INFO 12395 --- [utReader-stderr] o.s.boot.docker.compose.core.DockerCli   :  8ed018982a51 Extracting [====================================>              ]  78.54MB/106.9MB
2024-03-03T23:40:51.185+09:00  INFO 12395 --- [utReader-stderr] o.s.boot.docker.compose.core.DockerCli   :  8ed018982a51 Extracting [======================================>            ]  81.33MB/106.9MB
2024-03-03T23:40:51.286+09:00  INFO 12395 --- [utReader-stderr] o.s.boot.docker.compose.core.DockerCli   :  8ed018982a51 Extracting [=======================================>           ]  85.23MB/106.9MB
2024-03-03T23:40:51.392+09:00  INFO 12395 --- [utReader-stderr] o.s.boot.docker.compose.core.DockerCli   :  8ed018982a51 Extracting [=========================================>         ]  89.13MB/106.9MB
2024-03-03T23:40:51.511+09:00  INFO 12395 --- [utReader-stderr] o.s.boot.docker.compose.core.DockerCli   :  8ed018982a51 Extracting [===========================================>       ]  93.59MB/106.9MB
2024-03-03T23:40:51.621+09:00  INFO 12395 --- [utReader-stderr] o.s.boot.docker.compose.core.DockerCli   :  8ed018982a51 Extracting [=============================================>     ]  96.37MB/106.9MB
2024-03-03T23:40:51.732+09:00  INFO 12395 --- [utReader-stderr] o.s.boot.docker.compose.core.DockerCli   :  8ed018982a51 Extracting [==============================================>    ]  99.71MB/106.9MB
2024-03-03T23:40:51.834+09:00  INFO 12395 --- [utReader-stderr] o.s.boot.docker.compose.core.DockerCli   :  8ed018982a51 Extracting [===============================================>   ]  101.4MB/106.9MB
2024-03-03T23:40:51.967+09:00  INFO 12395 --- [utReader-stderr] o.s.boot.docker.compose.core.DockerCli   :  8ed018982a51 Extracting [================================================>  ]  103.1MB/106.9MB
2024-03-03T23:40:52.090+09:00  INFO 12395 --- [utReader-stderr] o.s.boot.docker.compose.core.DockerCli   :  8ed018982a51 Extracting [================================================>  ]  104.7MB/106.9MB
2024-03-03T23:40:52.293+09:00  INFO 12395 --- [utReader-stderr] o.s.boot.docker.compose.core.DockerCli   :  8ed018982a51 Extracting [=================================================> ]  105.3MB/106.9MB
2024-03-03T23:40:52.441+09:00  INFO 12395 --- [utReader-stderr] o.s.boot.docker.compose.core.DockerCli   :  8ed018982a51 Extracting [=================================================> ]  106.4MB/106.9MB
2024-03-03T23:40:52.487+09:00  INFO 12395 --- [utReader-stderr] o.s.boot.docker.compose.core.DockerCli   :  8ed018982a51 Extracting [==================================================>]  106.9MB/106.9MB
2024-03-03T23:40:52.555+09:00  INFO 12395 --- [utReader-stderr] o.s.boot.docker.compose.core.DockerCli   :  8ed018982a51 Pull complete 
2024-03-03T23:40:52.557+09:00  INFO 12395 --- [utReader-stderr] o.s.boot.docker.compose.core.DockerCli   :  fb65ed462c91 Extracting [==================================================>]  9.927kB/9.927kB
2024-03-03T23:40:52.557+09:00  INFO 12395 --- [utReader-stderr] o.s.boot.docker.compose.core.DockerCli   :  fb65ed462c91 Extracting [==================================================>]  9.927kB/9.927kB
2024-03-03T23:40:52.565+09:00  INFO 12395 --- [utReader-stderr] o.s.boot.docker.compose.core.DockerCli   :  fb65ed462c91 Pull complete 
2024-03-03T23:40:52.566+09:00  INFO 12395 --- [utReader-stderr] o.s.boot.docker.compose.core.DockerCli   :  b35a9480be59 Extracting [==================================================>]     129B/129B
2024-03-03T23:40:52.566+09:00  INFO 12395 --- [utReader-stderr] o.s.boot.docker.compose.core.DockerCli   :  b35a9480be59 Extracting [==================================================>]     129B/129B
2024-03-03T23:40:52.571+09:00  INFO 12395 --- [utReader-stderr] o.s.boot.docker.compose.core.DockerCli   :  b35a9480be59 Pull complete 
2024-03-03T23:40:52.572+09:00  INFO 12395 --- [utReader-stderr] o.s.boot.docker.compose.core.DockerCli   :  f97566042540 Extracting [==================================================>]     169B/169B
2024-03-03T23:40:52.572+09:00  INFO 12395 --- [utReader-stderr] o.s.boot.docker.compose.core.DockerCli   :  f97566042540 Extracting [==================================================>]     169B/169B
2024-03-03T23:40:52.577+09:00  INFO 12395 --- [utReader-stderr] o.s.boot.docker.compose.core.DockerCli   :  f97566042540 Pull complete 
2024-03-03T23:40:52.579+09:00  INFO 12395 --- [utReader-stderr] o.s.boot.docker.compose.core.DockerCli   :  5e841a787a8b Extracting [==================================================>]  5.421kB/5.421kB
2024-03-03T23:40:52.579+09:00  INFO 12395 --- [utReader-stderr] o.s.boot.docker.compose.core.DockerCli   :  5e841a787a8b Extracting [==================================================>]  5.421kB/5.421kB
2024-03-03T23:40:52.585+09:00  INFO 12395 --- [utReader-stderr] o.s.boot.docker.compose.core.DockerCli   :  5e841a787a8b Pull complete 
2024-03-03T23:40:52.586+09:00  INFO 12395 --- [utReader-stderr] o.s.boot.docker.compose.core.DockerCli   :  c5dd3ef301ac Extracting [==================================================>]     183B/183B
2024-03-03T23:40:52.586+09:00  INFO 12395 --- [utReader-stderr] o.s.boot.docker.compose.core.DockerCli   :  c5dd3ef301ac Extracting [==================================================>]     183B/183B
2024-03-03T23:40:52.595+09:00  INFO 12395 --- [utReader-stderr] o.s.boot.docker.compose.core.DockerCli   :  c5dd3ef301ac Pull complete 
2024-03-03T23:40:52.606+09:00  INFO 12395 --- [utReader-stderr] o.s.boot.docker.compose.core.DockerCli   :  postgres Pulled 
2024-03-03T23:40:52.661+09:00  INFO 12395 --- [utReader-stderr] o.s.boot.docker.compose.core.DockerCli   :  Network spring-petclinic_default  Creating
2024-03-03T23:40:52.701+09:00  INFO 12395 --- [utReader-stderr] o.s.boot.docker.compose.core.DockerCli   :  Network spring-petclinic_default  Created
2024-03-03T23:40:52.701+09:00  INFO 12395 --- [utReader-stderr] o.s.boot.docker.compose.core.DockerCli   :  Container spring-petclinic-postgres-1  Creating
2024-03-03T23:40:53.097+09:00  INFO 12395 --- [utReader-stderr] o.s.boot.docker.compose.core.DockerCli   :  Container spring-petclinic-postgres-1  Created
2024-03-03T23:40:53.104+09:00  INFO 12395 --- [utReader-stderr] o.s.boot.docker.compose.core.DockerCli   :  Container spring-petclinic-postgres-1  Starting
2024-03-03T23:40:53.316+09:00  INFO 12395 --- [utReader-stderr] o.s.boot.docker.compose.core.DockerCli   :  Container spring-petclinic-postgres-1  Started
2024-03-03T23:40:53.316+09:00  INFO 12395 --- [utReader-stderr] o.s.boot.docker.compose.core.DockerCli   :  Container spring-petclinic-postgres-1  Waiting
2024-03-03T23:40:53.823+09:00  INFO 12395 --- [utReader-stderr] o.s.boot.docker.compose.core.DockerCli   :  Container spring-petclinic-postgres-1  Healthy
2024-03-03T23:40:55.941+09:00  INFO 12395 --- [           main] .s.d.r.c.RepositoryConfigurationDelegate : Bootstrapping Spring Data JPA repositories in DEFAULT mode.
2024-03-03T23:40:55.990+09:00  INFO 12395 --- [           main] .s.d.r.c.RepositoryConfigurationDelegate : Finished Spring Data repository scanning in 39 ms. Found 2 JPA repository interfaces.
2024-03-03T23:40:56.898+09:00  INFO 12395 --- [           main] o.s.b.w.embedded.tomcat.TomcatWebServer  : Tomcat initialized with port 0 (http)
2024-03-03T23:40:56.915+09:00  INFO 12395 --- [           main] o.apache.catalina.core.StandardService   : Starting service [Tomcat]
2024-03-03T23:40:56.915+09:00  INFO 12395 --- [           main] o.apache.catalina.core.StandardEngine    : Starting Servlet engine: [Apache Tomcat/10.1.17]
2024-03-03T23:40:57.026+09:00  INFO 12395 --- [           main] o.a.c.c.C.[Tomcat].[localhost].[/]       : Initializing Spring embedded WebApplicationContext
2024-03-03T23:40:57.027+09:00  INFO 12395 --- [           main] w.s.c.ServletWebServerApplicationContext : Root WebApplicationContext: initialization completed in 1674 ms
2024-03-03T23:40:57.364+09:00  INFO 12395 --- [           main] com.zaxxer.hikari.HikariDataSource       : HikariPool-1 - Starting...
2024-03-03T23:40:57.649+09:00  INFO 12395 --- [           main] com.zaxxer.hikari.pool.HikariPool        : HikariPool-1 - Added connection org.postgresql.jdbc.PgConnection@18b40a79
2024-03-03T23:40:57.650+09:00  INFO 12395 --- [           main] com.zaxxer.hikari.HikariDataSource       : HikariPool-1 - Start completed.
2024-03-03T23:40:57.906+09:00  INFO 12395 --- [           main] o.hibernate.jpa.internal.util.LogHelper  : HHH000204: Processing PersistenceUnitInfo [name: default]
2024-03-03T23:40:58.002+09:00  INFO 12395 --- [           main] org.hibernate.Version                    : HHH000412: Hibernate ORM core version 6.4.1.Final
2024-03-03T23:40:58.092+09:00  INFO 12395 --- [           main] o.h.c.internal.RegionFactoryInitiator    : HHH000026: Second-level cache disabled
2024-03-03T23:40:58.282+09:00  INFO 12395 --- [           main] o.s.o.j.p.SpringPersistenceUnitInfo      : No LoadTimeWeaver setup: ignoring JPA class transformer
2024-03-03T23:41:00.267+09:00  INFO 12395 --- [           main] o.h.e.t.j.p.i.JtaPlatformInitiator       : HHH000489: No JTA platform available (set 'hibernate.transaction.jta.platform' to enable JTA platform integration)
2024-03-03T23:41:00.271+09:00  INFO 12395 --- [           main] j.LocalContainerEntityManagerFactoryBean : Initialized JPA EntityManagerFactory for persistence unit 'default'
2024-03-03T23:41:00.765+09:00  INFO 12395 --- [           main] o.s.d.j.r.query.QueryEnhancerFactory     : Hibernate is in classpath; If applicable, HQL parser will be used.
2024-03-03T23:41:03.040+09:00  INFO 12395 --- [           main] o.s.b.a.e.web.EndpointLinksResolver      : Exposing 13 endpoint(s) beneath base path '/actuator'
2024-03-03T23:41:03.249+09:00  INFO 12395 --- [           main] o.s.b.w.embedded.tomcat.TomcatWebServer  : Tomcat started on port 56238 (http) with context path ''
2024-03-03T23:41:03.263+09:00  INFO 12395 --- [           main] o.s.s.p.PostgresIntegrationTests         : Started PostgresIntegrationTests in 50.827 seconds (process running for 70.995)
]]></system-out>
  </testcase>
  <testcase name="testOwnerDetails" classname="org.springframework.samples.petclinic.PostgresIntegrationTests" time="0.277">
    <system-out><![CDATA[2024-03-03T23:41:03.743+09:00  INFO 12395 --- [o-auto-1-exec-1] o.a.c.c.C.[Tomcat].[localhost].[/]       : Initializing Spring DispatcherServlet 'dispatcherServlet'
2024-03-03T23:41:03.743+09:00  INFO 12395 --- [o-auto-1-exec-1] o.s.web.servlet.DispatcherServlet        : Initializing Servlet 'dispatcherServlet'
2024-03-03T23:41:03.744+09:00  INFO 12395 --- [o-auto-1-exec-1] o.s.web.servlet.DispatcherServlet        : Completed initialization in 1 ms
]]></system-out>
  </testcase>
</testsuite>